---- PHASE 12: AUTO TEST ALL FEATURES ----
✅ GET /health - Status: 200
\n-- Simulator Flow: SIGNUP & LOGIN --
❌ POST /auth/signup - Status: 409 - Error: {"success":false,"error":"An account with this email already exists."}
✅ POST /auth/login - Status: 200
\n-- Simulator Flow: CATEGORIES & PRODUCTS --
✅ POST /categories - Status: 201
✅ POST /products - Status: 201
\n-- Simulator Flow: START POS SESSION --
✅ GET /pos-config - Status: 200
❌ POST /sessions - Status: 400 - Error: {"success":false,"error":"A session is already open for this POS."}
\n-- Simulator Flow: ORDER TO KITCHEN --
✅ POST /orders - Status: 201
\n-- Simulator Flow: KITCHEN MANAGE --
✅ PUT /orders/02b0d309-f29a-44da-8ebb-e30c47bc07ef - Status: 200
✅ PUT /orders/02b0d309-f29a-44da-8ebb-e30c47bc07ef - Status: 200
\n-- Simulator Flow: PAYMENT --
✅ POST /payments - Status: 201
✅ PUT /orders/02b0d309-f29a-44da-8ebb-e30c47bc07ef - Status: 200
\n-- Simulator Flow: REPORTS --
✅ GET /reports/dashboard - Status: 200
